<?xml version="1.0" encoding="UTF-8"?>
<testsuite xmlns:xsi="http://www.w3.org/2001/XMLSchema-instance" xsi:noNamespaceSchemaLocation="https://maven.apache.org/surefire/maven-surefire-plugin/xsd/surefire-test-report-3.0.xsd" version="3.0" name="org.openmrs.module.auditlogweb.api.AuditlogwebServiceTest" time="0.284" tests="1" errors="0" skipped="0" failures="0">
  <properties>
    <property name="sun.desktop" value="gnome"/>
    <property name="awt.toolkit" value="sun.awt.X11.XToolkit"/>
    <property name="file.encoding.pkg" value="sun.io"/>
    <property name="java.specification.version" value="1.8"/>
    <property name="sun.cpu.isalist" value=""/>
    <property name="sun.jnu.encoding" value="UTF-8"/>
    <property name="java.class.path" value="/home/wikum/Documents/Code/OpenMRS/openmrs-module-auditlogweb/api/target/test-classes:/home/wikum/Documents/Code/OpenMRS/openmrs-module-auditlogweb/api/target/classes:/home/wikum/.m2/repository/org/openmrs/api/openmrs-api/2.7.0/openmrs-api-2.7.0.jar:/home/wikum/.m2/repository/commons-collections/commons-collections/3.2.2/commons-collections-3.2.2.jar:/home/wikum/.m2/repository/org/apache/commons/commons-lang3/3.17.0/commons-lang3-3.17.0.jar:/home/wikum/.m2/repository/commons-beanutils/commons-beanutils/1.9.4/commons-beanutils-1.9.4.jar:/home/wikum/.m2/repository/commons-validator/commons-validator/1.9.0/commons-validator-1.9.0.jar:/home/wikum/.m2/repository/commons-digester/commons-digester/2.1/commons-digester-2.1.jar:/home/wikum/.m2/repository/commons-logging/commons-logging/1.3.2/commons-logging-1.3.2.jar:/home/wikum/.m2/repository/commons-io/commons-io/2.17.0/commons-io-2.17.0.jar:/home/wikum/.m2/repository/org/apache/velocity/velocity/1.7/velocity-1.7.jar:/home/wikum/.m2/repository/commons-lang/commons-lang/2.4/commons-lang-2.4.jar:/home/wikum/.m2/repository/org/springframework/spring-core/5.3.30/spring-core-5.3.30.jar:/home/wikum/.m2/repository/org/springframework/spring-jcl/5.3.30/spring-jcl-5.3.30.jar:/home/wikum/.m2/repository/org/springframework/spring-beans/5.3.30/spring-beans-5.3.30.jar:/home/wikum/.m2/repository/org/springframework/spring-context/5.3.30/spring-context-5.3.30.jar:/home/wikum/.m2/repository/org/springframework/spring-expression/5.3.30/spring-expression-5.3.30.jar:/home/wikum/.m2/repository/org/springframework/spring-aop/5.3.30/spring-aop-5.3.30.jar:/home/wikum/.m2/repository/org/springframework/spring-orm/5.3.30/spring-orm-5.3.30.jar:/home/wikum/.m2/repository/org/springframework/spring-tx/5.3.30/spring-tx-5.3.30.jar:/home/wikum/.m2/repository/org/springframework/spring-jdbc/5.3.30/spring-jdbc-5.3.30.jar:/home/wikum/.m2/repository/org/springframework/spring-context-support/5.3.30/spring-context-support-5.3.30.jar:/home/wikum/.m2/repository/ca/uhn/hapi/hapi-base/2.1/hapi-base-2.1.jar:/home/wikum/.m2/repository/ca/uhn/hapi/hapi-structures-v23/2.1/hapi-structures-v23-2.1.jar:/home/wikum/.m2/repository/ca/uhn/hapi/hapi-structures-v24/2.1/hapi-structures-v24-2.1.jar:/home/wikum/.m2/repository/ca/uhn/hapi/hapi-structures-v25/2.1/hapi-structures-v25-2.1.jar:/home/wikum/.m2/repository/ca/uhn/hapi/hapi-structures-v26/2.1/hapi-structures-v26-2.1.jar:/home/wikum/.m2/repository/org/javassist/javassist/3.30.2-GA/javassist-3.30.2-GA.jar:/home/wikum/.m2/repository/org/hibernate/hibernate-core/5.6.15.Final/hibernate-core-5.6.15.Final.jar:/home/wikum/.m2/repository/org/jboss/logging/jboss-logging/3.4.3.Final/jboss-logging-3.4.3.Final.jar:/home/wikum/.m2/repository/javax/persistence/javax.persistence-api/2.2/javax.persistence-api-2.2.jar:/home/wikum/.m2/repository/net/bytebuddy/byte-buddy/1.12.18/byte-buddy-1.12.18.jar:/home/wikum/.m2/repository/antlr/antlr/2.7.7/antlr-2.7.7.jar:/home/wikum/.m2/repository/org/jboss/spec/javax/transaction/jboss-transaction-api_1.2_spec/1.1.1.Final/jboss-transaction-api_1.2_spec-1.1.1.Final.jar:/home/wikum/.m2/repository/org/jboss/jandex/2.4.2.Final/jandex-2.4.2.Final.jar:/home/wikum/.m2/repository/com/fasterxml/classmate/1.5.1/classmate-1.5.1.jar:/home/wikum/.m2/repository/javax/activation/javax.activation-api/1.2.0/javax.activation-api-1.2.0.jar:/home/wikum/.m2/repository/org/hibernate/common/hibernate-commons-annotations/5.1.2.Final/hibernate-commons-annotations-5.1.2.Final.jar:/home/wikum/.m2/repository/javax/xml/bind/jaxb-api/2.3.1/jaxb-api-2.3.1.jar:/home/wikum/.m2/repository/org/glassfish/jaxb/jaxb-runtime/2.3.1/jaxb-runtime-2.3.1.jar:/home/wikum/.m2/repository/org/glassfish/jaxb/txw2/2.3.1/txw2-2.3.1.jar:/home/wikum/.m2/repository/com/sun/istack/istack-commons-runtime/3.0.7/istack-commons-runtime-3.0.7.jar:/home/wikum/.m2/repository/org/jvnet/staxex/stax-ex/1.8/stax-ex-1.8.jar:/home/wikum/.m2/repository/com/sun/xml/fastinfoset/FastInfoset/1.2.15/FastInfoset-1.2.15.jar:/home/wikum/.m2/repository/org/hibernate/hibernate-c3p0/5.6.15.Final/hibernate-c3p0-5.6.15.Final.jar:/home/wikum/.m2/repository/com/mchange/c3p0/0.9.5.5/c3p0-0.9.5.5.jar:/home/wikum/.m2/repository/com/mchange/mchange-commons-java/0.2.19/mchange-commons-java-0.2.19.jar:/home/wikum/.m2/repository/org/hibernate/hibernate-ehcache/5.6.15.Final/hibernate-ehcache-5.6.15.Final.jar:/home/wikum/.m2/repository/org/hibernate/hibernate-search-orm/5.11.12.Final/hibernate-search-orm-5.11.12.Final.jar:/home/wikum/.m2/repository/org/hibernate/hibernate-search-engine/5.11.12.Final/hibernate-search-engine-5.11.12.Final.jar:/home/wikum/.m2/repository/org/apache/lucene/lucene-misc/5.5.5/lucene-misc-5.5.5.jar:/home/wikum/.m2/repository/org/apache/lucene/lucene-facet/5.5.5/lucene-facet-5.5.5.jar:/home/wikum/.m2/repository/org/hibernate/hibernate-envers/5.6.15.Final/hibernate-envers-5.6.15.Final.jar:/home/wikum/.m2/repository/org/dom4j/dom4j/2.1.3/dom4j-2.1.3.jar:/home/wikum/.m2/repository/org/apache/lucene/lucene-queryparser/5.5.5/lucene-queryparser-5.5.5.jar:/home/wikum/.m2/repository/org/apache/lucene/lucene-core/5.5.5/lucene-core-5.5.5.jar:/home/wikum/.m2/repository/org/apache/lucene/lucene-sandbox/5.5.5/lucene-sandbox-5.5.5.jar:/home/wikum/.m2/repository/org/apache/lucene/lucene-queries/5.5.5/lucene-queries-5.5.5.jar:/home/wikum/.m2/repository/org/apache/lucene/lucene-backward-codecs/5.5.5/lucene-backward-codecs-5.5.5.jar:/home/wikum/.m2/repository/org/apache/logging/log4j/log4j-core/2.22.1/log4j-core-2.22.1.jar:/home/wikum/.m2/repository/org/apache/logging/log4j/log4j-api/2.22.1/log4j-api-2.22.1.jar:/home/wikum/.m2/repository/org/apache/logging/log4j/log4j-slf4j-impl/2.22.1/log4j-slf4j-impl-2.22.1.jar:/home/wikum/.m2/repository/org/apache/logging/log4j/log4j-1.2-api/2.22.1/log4j-1.2-api-2.22.1.jar:/home/wikum/.m2/repository/org/slf4j/slf4j-api/1.7.36/slf4j-api-1.7.36.jar:/home/wikum/.m2/repository/com/thoughtworks/xstream/xstream/1.4.21/xstream-1.4.21.jar:/home/wikum/.m2/repository/io/github/x-stream/mxparser/1.2.2/mxparser-1.2.2.jar:/home/wikum/.m2/repository/xmlpull/xmlpull/1.1.3.1/xmlpull-1.1.3.1.jar:/home/wikum/.m2/repository/org/liquibase/liquibase-core/4.28.0/liquibase-core-4.28.0.jar:/home/wikum/.m2/repository/com/opencsv/opencsv/5.9/opencsv-5.9.jar:/home/wikum/.m2/repository/org/apache/commons/commons-text/1.11.0/commons-text-1.11.0.jar:/home/wikum/.m2/repository/org/apache/commons/commons-collections4/4.4/commons-collections4-4.4.jar:/home/wikum/.m2/repository/org/yaml/snakeyaml/2.2/snakeyaml-2.2.jar:/home/wikum/.m2/repository/xerces/xercesImpl/2.12.2/xercesImpl-2.12.2.jar:/home/wikum/.m2/repository/xml-apis/xml-apis/1.4.01/xml-apis-1.4.01.jar:/home/wikum/.m2/repository/javax/validation/validation-api/2.0.1.Final/validation-api-2.0.1.Final.jar:/home/wikum/.m2/repository/org/hibernate/validator/hibernate-validator/6.1.2.Final/hibernate-validator-6.1.2.Final.jar:/home/wikum/.m2/repository/jakarta/validation/jakarta.validation-api/2.0.2/jakarta.validation-api-2.0.2.jar:/home/wikum/.m2/repository/org/codehaus/jackson/jackson-core-asl/1.9.14-MULE-002/jackson-core-asl-1.9.14-MULE-002.jar:/home/wikum/.m2/repository/org/codehaus/jackson/jackson-mapper-asl/1.9.14-MULE-002/jackson-mapper-asl-1.9.14-MULE-002.jar:/home/wikum/.m2/repository/com/fasterxml/jackson/core/jackson-core/2.18.2/jackson-core-2.18.2.jar:/home/wikum/.m2/repository/com/fasterxml/jackson/core/jackson-annotations/2.18.2/jackson-annotations-2.18.2.jar:/home/wikum/.m2/repository/com/fasterxml/jackson/core/jackson-databind/2.18.2/jackson-databind-2.18.2.jar:/home/wikum/.m2/repository/com/fasterxml/jackson/datatype/jackson-datatype-jsr310/2.18.2/jackson-datatype-jsr310-2.18.2.jar:/home/wikum/.m2/repository/org/codehaus/groovy/groovy-all/2.4.21/groovy-all-2.4.21.jar:/home/wikum/.m2/repository/net/sf/ehcache/ehcache/2.10.10.4.43/ehcache-2.10.10.4.43.jar:/home/wikum/.m2/repository/org/aspectj/aspectjrt/1.9.22.1/aspectjrt-1.9.22.1.jar:/home/wikum/.m2/repository/org/aspectj/aspectjweaver/1.9.22.1/aspectjweaver-1.9.22.1.jar:/home/wikum/.m2/repository/joda-time/joda-time/2.13.0/joda-time-2.13.0.jar:/home/wikum/.m2/repository/javax/annotation/javax.annotation-api/1.3.2/javax.annotation-api-1.3.2.jar:/home/wikum/.m2/repository/com/sun/activation/javax.activation/1.2.0/javax.activation-1.2.0.jar:/home/wikum/.m2/repository/jakarta/xml/bind/jakarta.xml.bind-api/4.0.2/jakarta.xml.bind-api-4.0.2.jar:/home/wikum/.m2/repository/jakarta/activation/jakarta.activation-api/2.1.3/jakarta.activation-api-2.1.3.jar:/home/wikum/.m2/repository/org/apache/lucene/lucene-analyzers-phonetic/5.5.5/lucene-analyzers-phonetic-5.5.5.jar:/home/wikum/.m2/repository/org/apache/lucene/lucene-analyzers-common/5.5.5/lucene-analyzers-common-5.5.5.jar:/home/wikum/.m2/repository/commons-codec/commons-codec/1.10/commons-codec-1.10.jar:/home/wikum/.m2/repository/com/google/guava/guava/33.3.1-jre/guava-33.3.1-jre.jar:/home/wikum/.m2/repository/com/google/guava/failureaccess/1.0.2/failureaccess-1.0.2.jar:/home/wikum/.m2/repository/com/google/guava/listenablefuture/9999.0-empty-to-avoid-conflict-with-guava/listenablefuture-9999.0-empty-to-avoid-conflict-with-guava.jar:/home/wikum/.m2/repository/com/google/code/findbugs/jsr305/3.0.2/jsr305-3.0.2.jar:/home/wikum/.m2/repository/org/checkerframework/checker-qual/3.43.0/checker-qual-3.43.0.jar:/home/wikum/.m2/repository/com/google/errorprone/error_prone_annotations/2.28.0/error_prone_annotations-2.28.0.jar:/home/wikum/.m2/repository/com/google/j2objc/j2objc-annotations/3.0.0/j2objc-annotations-3.0.0.jar:/home/wikum/.m2/repository/com/sun/mail/javax.mail/1.6.2/javax.mail-1.6.2.jar:/home/wikum/.m2/repository/org/openmrs/web/openmrs-web/2.7.0/openmrs-web-2.7.0.jar:/home/wikum/.m2/repository/javax/servlet/jsp-api/2.0/jsp-api-2.0.jar:/home/wikum/.m2/repository/javax/servlet/servlet-api/2.4/servlet-api-2.4.jar:/home/wikum/.m2/repository/javax/servlet/jsp/jstl/javax.servlet.jsp.jstl-api/1.2.2/javax.servlet.jsp.jstl-api-1.2.2.jar:/home/wikum/.m2/repository/commons-fileupload/commons-fileupload/1.5/commons-fileupload-1.5.jar:/home/wikum/.m2/repository/org/springframework/spring-web/5.3.30/spring-web-5.3.30.jar:/home/wikum/.m2/repository/org/springframework/spring-webmvc/5.3.30/spring-webmvc-5.3.30.jar:/home/wikum/.m2/repository/org/springframework/spring-oxm/5.3.30/spring-oxm-5.3.30.jar:/home/wikum/.m2/repository/mysql/mysql-connector-java/8.0.30/mysql-connector-java-8.0.30.jar:/home/wikum/.m2/repository/com/google/protobuf/protobuf-java/3.19.4/protobuf-java-3.19.4.jar:/home/wikum/.m2/repository/org/postgresql/postgresql/42.7.4/postgresql-42.7.4.jar:/home/wikum/.m2/repository/taglibs/request/1.0.1/request-1.0.1.jar:/home/wikum/.m2/repository/taglibs/response/1.0.1/response-1.0.1.jar:/home/wikum/.m2/repository/taglibs/standard/1.1.2/standard-1.1.2.jar:/home/wikum/.m2/repository/taglibs/page/1.0.1/page-1.0.1.jar:/home/wikum/.m2/repository/org/slf4j/jcl-over-slf4j/1.7.36/jcl-over-slf4j-1.7.36.jar:/home/wikum/.m2/repository/org/apache/velocity/velocity-tools/2.0.1-atlassian-2/velocity-tools-2.0.1-atlassian-2.jar:/home/wikum/.m2/repository/commons-chain/commons-chain/1.1/commons-chain-1.1.jar:/home/wikum/.m2/repository/oro/oro/2.0.8/oro-2.0.8.jar:/home/wikum/.m2/repository/sslext/sslext/1.2-0/sslext-1.2-0.jar:/home/wikum/.m2/repository/org/apache/struts/struts-core/1.3.8/struts-core-1.3.8.jar:/home/wikum/.m2/repository/org/apache/struts/struts-taglib/1.3.8/struts-taglib-1.3.8.jar:/home/wikum/.m2/repository/org/apache/struts/struts-tiles/1.3.8/struts-tiles-1.3.8.jar:/home/wikum/.m2/repository/org/owasp/encoder/encoder/1.3.1/encoder-1.3.1.jar:/home/wikum/.m2/repository/org/owasp/csrfguard/4.2.1/csrfguard-4.2.1.jar:/home/wikum/.m2/repository/com/google/code/gson/gson/2.10.1/gson-2.10.1.jar:/home/wikum/.m2/repository/org/owasp/csrfguard-extension-session/4.2.1/csrfguard-extension-session-4.2.1.jar:/home/wikum/.m2/repository/org/openmrs/api/openmrs-api/2.7.0/openmrs-api-2.7.0-tests.jar:/home/wikum/.m2/repository/org/openmrs/web/openmrs-web/2.7.0/openmrs-web-2.7.0-tests.jar:/home/wikum/.m2/repository/org/springframework/spring-test/5.3.30/spring-test-5.3.30.jar:/home/wikum/.m2/repository/com/h2database/h2/1.4.200/h2-1.4.200.jar:/home/wikum/.m2/repository/junit/junit/4.13.2/junit-4.13.2.jar:/home/wikum/.m2/repository/org/junit/jupiter/junit-jupiter-api/5.11.3/junit-jupiter-api-5.11.3.jar:/home/wikum/.m2/repository/org/opentest4j/opentest4j/1.3.0/opentest4j-1.3.0.jar:/home/wikum/.m2/repository/org/junit/platform/junit-platform-commons/1.11.3/junit-platform-commons-1.11.3.jar:/home/wikum/.m2/repository/org/apiguardian/apiguardian-api/1.1.2/apiguardian-api-1.1.2.jar:/home/wikum/.m2/repository/org/junit/jupiter/junit-jupiter-engine/5.11.3/junit-jupiter-engine-5.11.3.jar:/home/wikum/.m2/repository/org/junit/platform/junit-platform-engine/1.11.3/junit-platform-engine-1.11.3.jar:/home/wikum/.m2/repository/org/junit/vintage/junit-vintage-engine/5.11.3/junit-vintage-engine-5.11.3.jar:/home/wikum/.m2/repository/org/dbunit/dbunit/2.8.0/dbunit-2.8.0.jar:/home/wikum/.m2/repository/com/oracle/database/jdbc/ojdbc8/19.3.0.0/ojdbc8-19.3.0.0.jar:/home/wikum/.m2/repository/com/oracle/database/jdbc/ucp/19.3.0.0/ucp-19.3.0.0.jar:/home/wikum/.m2/repository/com/oracle/database/security/oraclepki/19.3.0.0/oraclepki-19.3.0.0.jar:/home/wikum/.m2/repository/com/oracle/database/security/osdt_cert/19.3.0.0/osdt_cert-19.3.0.0.jar:/home/wikum/.m2/repository/com/oracle/database/security/osdt_core/19.3.0.0/osdt_core-19.3.0.0.jar:/home/wikum/.m2/repository/com/oracle/database/ha/simplefan/19.3.0.0/simplefan-19.3.0.0.jar:/home/wikum/.m2/repository/com/oracle/database/ha/ons/19.3.0.0/ons-19.3.0.0.jar:/home/wikum/.m2/repository/org/mockito/mockito-core/3.12.4/mockito-core-3.12.4.jar:/home/wikum/.m2/repository/net/bytebuddy/byte-buddy-agent/1.11.13/byte-buddy-agent-1.11.13.jar:/home/wikum/.m2/repository/org/objenesis/objenesis/3.2/objenesis-3.2.jar:/home/wikum/.m2/repository/org/mockito/mockito-junit-jupiter/3.12.4/mockito-junit-jupiter-3.12.4.jar:/home/wikum/.m2/repository/org/powermock/powermock-module-junit4/2.0.9/powermock-module-junit4-2.0.9.jar:/home/wikum/.m2/repository/org/powermock/powermock-module-junit4-common/2.0.9/powermock-module-junit4-common-2.0.9.jar:/home/wikum/.m2/repository/org/powermock/powermock-reflect/2.0.9/powermock-reflect-2.0.9.jar:/home/wikum/.m2/repository/org/powermock/powermock-core/2.0.9/powermock-core-2.0.9.jar:/home/wikum/.m2/repository/org/powermock/powermock-api-mockito2/2.0.9/powermock-api-mockito2-2.0.9.jar:/home/wikum/.m2/repository/org/powermock/powermock-api-support/2.0.9/powermock-api-support-2.0.9.jar:/home/wikum/.m2/repository/org/hamcrest/hamcrest-core/3.0/hamcrest-core-3.0.jar:/home/wikum/.m2/repository/org/hamcrest/hamcrest/3.0/hamcrest-3.0.jar:"/>
    <property name="java.vm.vendor" value="Amazon.com Inc."/>
    <property name="sun.arch.data.model" value="64"/>
    <property name="java.vendor.url" value="https://aws.amazon.com/corretto/"/>
    <property name="user.timezone" value="Asia/Colombo"/>
    <property name="java.vm.specification.version" value="1.8"/>
    <property name="os.name" value="Linux"/>
    <property name="user.country" value="GB"/>
    <property name="sun.java.launcher" value="SUN_STANDARD"/>
    <property name="sun.boot.library.path" value="/home/wikum/.jdks/corretto-1.8.0_412/jre/lib/amd64"/>
    <property name="sun.java.command" value="/home/wikum/Documents/Code/OpenMRS/openmrs-module-auditlogweb/api/target/surefire/surefirebooter-20250522124635411_3.jar /home/wikum/Documents/Code/OpenMRS/openmrs-module-auditlogweb/api/target/surefire 2025-05-22T12-46-35_360-jvmRun1 surefire-20250522124635411_1tmp surefire_0-20250522124635411_2tmp"/>
    <property name="surefire.test.class.path" value="/home/wikum/Documents/Code/OpenMRS/openmrs-module-auditlogweb/api/target/test-classes:/home/wikum/Documents/Code/OpenMRS/openmrs-module-auditlogweb/api/target/classes:/home/wikum/.m2/repository/org/openmrs/api/openmrs-api/2.7.0/openmrs-api-2.7.0.jar:/home/wikum/.m2/repository/commons-collections/commons-collections/3.2.2/commons-collections-3.2.2.jar:/home/wikum/.m2/repository/org/apache/commons/commons-lang3/3.17.0/commons-lang3-3.17.0.jar:/home/wikum/.m2/repository/commons-beanutils/commons-beanutils/1.9.4/commons-beanutils-1.9.4.jar:/home/wikum/.m2/repository/commons-validator/commons-validator/1.9.0/commons-validator-1.9.0.jar:/home/wikum/.m2/repository/commons-digester/commons-digester/2.1/commons-digester-2.1.jar:/home/wikum/.m2/repository/commons-logging/commons-logging/1.3.2/commons-logging-1.3.2.jar:/home/wikum/.m2/repository/commons-io/commons-io/2.17.0/commons-io-2.17.0.jar:/home/wikum/.m2/repository/org/apache/velocity/velocity/1.7/velocity-1.7.jar:/home/wikum/.m2/repository/commons-lang/commons-lang/2.4/commons-lang-2.4.jar:/home/wikum/.m2/repository/org/springframework/spring-core/5.3.30/spring-core-5.3.30.jar:/home/wikum/.m2/repository/org/springframework/spring-jcl/5.3.30/spring-jcl-5.3.30.jar:/home/wikum/.m2/repository/org/springframework/spring-beans/5.3.30/spring-beans-5.3.30.jar:/home/wikum/.m2/repository/org/springframework/spring-context/5.3.30/spring-context-5.3.30.jar:/home/wikum/.m2/repository/org/springframework/spring-expression/5.3.30/spring-expression-5.3.30.jar:/home/wikum/.m2/repository/org/springframework/spring-aop/5.3.30/spring-aop-5.3.30.jar:/home/wikum/.m2/repository/org/springframework/spring-orm/5.3.30/spring-orm-5.3.30.jar:/home/wikum/.m2/repository/org/springframework/spring-tx/5.3.30/spring-tx-5.3.30.jar:/home/wikum/.m2/repository/org/springframework/spring-jdbc/5.3.30/spring-jdbc-5.3.30.jar:/home/wikum/.m2/repository/org/springframework/spring-context-support/5.3.30/spring-context-support-5.3.30.jar:/home/wikum/.m2/repository/ca/uhn/hapi/hapi-base/2.1/hapi-base-2.1.jar:/home/wikum/.m2/repository/ca/uhn/hapi/hapi-structures-v23/2.1/hapi-structures-v23-2.1.jar:/home/wikum/.m2/repository/ca/uhn/hapi/hapi-structures-v24/2.1/hapi-structures-v24-2.1.jar:/home/wikum/.m2/repository/ca/uhn/hapi/hapi-structures-v25/2.1/hapi-structures-v25-2.1.jar:/home/wikum/.m2/repository/ca/uhn/hapi/hapi-structures-v26/2.1/hapi-structures-v26-2.1.jar:/home/wikum/.m2/repository/org/javassist/javassist/3.30.2-GA/javassist-3.30.2-GA.jar:/home/wikum/.m2/repository/org/hibernate/hibernate-core/5.6.15.Final/hibernate-core-5.6.15.Final.jar:/home/wikum/.m2/repository/org/jboss/logging/jboss-logging/3.4.3.Final/jboss-logging-3.4.3.Final.jar:/home/wikum/.m2/repository/javax/persistence/javax.persistence-api/2.2/javax.persistence-api-2.2.jar:/home/wikum/.m2/repository/net/bytebuddy/byte-buddy/1.12.18/byte-buddy-1.12.18.jar:/home/wikum/.m2/repository/antlr/antlr/2.7.7/antlr-2.7.7.jar:/home/wikum/.m2/repository/org/jboss/spec/javax/transaction/jboss-transaction-api_1.2_spec/1.1.1.Final/jboss-transaction-api_1.2_spec-1.1.1.Final.jar:/home/wikum/.m2/repository/org/jboss/jandex/2.4.2.Final/jandex-2.4.2.Final.jar:/home/wikum/.m2/repository/com/fasterxml/classmate/1.5.1/classmate-1.5.1.jar:/home/wikum/.m2/repository/javax/activation/javax.activation-api/1.2.0/javax.activation-api-1.2.0.jar:/home/wikum/.m2/repository/org/hibernate/common/hibernate-commons-annotations/5.1.2.Final/hibernate-commons-annotations-5.1.2.Final.jar:/home/wikum/.m2/repository/javax/xml/bind/jaxb-api/2.3.1/jaxb-api-2.3.1.jar:/home/wikum/.m2/repository/org/glassfish/jaxb/jaxb-runtime/2.3.1/jaxb-runtime-2.3.1.jar:/home/wikum/.m2/repository/org/glassfish/jaxb/txw2/2.3.1/txw2-2.3.1.jar:/home/wikum/.m2/repository/com/sun/istack/istack-commons-runtime/3.0.7/istack-commons-runtime-3.0.7.jar:/home/wikum/.m2/repository/org/jvnet/staxex/stax-ex/1.8/stax-ex-1.8.jar:/home/wikum/.m2/repository/com/sun/xml/fastinfoset/FastInfoset/1.2.15/FastInfoset-1.2.15.jar:/home/wikum/.m2/repository/org/hibernate/hibernate-c3p0/5.6.15.Final/hibernate-c3p0-5.6.15.Final.jar:/home/wikum/.m2/repository/com/mchange/c3p0/0.9.5.5/c3p0-0.9.5.5.jar:/home/wikum/.m2/repository/com/mchange/mchange-commons-java/0.2.19/mchange-commons-java-0.2.19.jar:/home/wikum/.m2/repository/org/hibernate/hibernate-ehcache/5.6.15.Final/hibernate-ehcache-5.6.15.Final.jar:/home/wikum/.m2/repository/org/hibernate/hibernate-search-orm/5.11.12.Final/hibernate-search-orm-5.11.12.Final.jar:/home/wikum/.m2/repository/org/hibernate/hibernate-search-engine/5.11.12.Final/hibernate-search-engine-5.11.12.Final.jar:/home/wikum/.m2/repository/org/apache/lucene/lucene-misc/5.5.5/lucene-misc-5.5.5.jar:/home/wikum/.m2/repository/org/apache/lucene/lucene-facet/5.5.5/lucene-facet-5.5.5.jar:/home/wikum/.m2/repository/org/hibernate/hibernate-envers/5.6.15.Final/hibernate-envers-5.6.15.Final.jar:/home/wikum/.m2/repository/org/dom4j/dom4j/2.1.3/dom4j-2.1.3.jar:/home/wikum/.m2/repository/org/apache/lucene/lucene-queryparser/5.5.5/lucene-queryparser-5.5.5.jar:/home/wikum/.m2/repository/org/apache/lucene/lucene-core/5.5.5/lucene-core-5.5.5.jar:/home/wikum/.m2/repository/org/apache/lucene/lucene-sandbox/5.5.5/lucene-sandbox-5.5.5.jar:/home/wikum/.m2/repository/org/apache/lucene/lucene-queries/5.5.5/lucene-queries-5.5.5.jar:/home/wikum/.m2/repository/org/apache/lucene/lucene-backward-codecs/5.5.5/lucene-backward-codecs-5.5.5.jar:/home/wikum/.m2/repository/org/apache/logging/log4j/log4j-core/2.22.1/log4j-core-2.22.1.jar:/home/wikum/.m2/repository/org/apache/logging/log4j/log4j-api/2.22.1/log4j-api-2.22.1.jar:/home/wikum/.m2/repository/org/apache/logging/log4j/log4j-slf4j-impl/2.22.1/log4j-slf4j-impl-2.22.1.jar:/home/wikum/.m2/repository/org/apache/logging/log4j/log4j-1.2-api/2.22.1/log4j-1.2-api-2.22.1.jar:/home/wikum/.m2/repository/org/slf4j/slf4j-api/1.7.36/slf4j-api-1.7.36.jar:/home/wikum/.m2/repository/com/thoughtworks/xstream/xstream/1.4.21/xstream-1.4.21.jar:/home/wikum/.m2/repository/io/github/x-stream/mxparser/1.2.2/mxparser-1.2.2.jar:/home/wikum/.m2/repository/xmlpull/xmlpull/1.1.3.1/xmlpull-1.1.3.1.jar:/home/wikum/.m2/repository/org/liquibase/liquibase-core/4.28.0/liquibase-core-4.28.0.jar:/home/wikum/.m2/repository/com/opencsv/opencsv/5.9/opencsv-5.9.jar:/home/wikum/.m2/repository/org/apache/commons/commons-text/1.11.0/commons-text-1.11.0.jar:/home/wikum/.m2/repository/org/apache/commons/commons-collections4/4.4/commons-collections4-4.4.jar:/home/wikum/.m2/repository/org/yaml/snakeyaml/2.2/snakeyaml-2.2.jar:/home/wikum/.m2/repository/xerces/xercesImpl/2.12.2/xercesImpl-2.12.2.jar:/home/wikum/.m2/repository/xml-apis/xml-apis/1.4.01/xml-apis-1.4.01.jar:/home/wikum/.m2/repository/javax/validation/validation-api/2.0.1.Final/validation-api-2.0.1.Final.jar:/home/wikum/.m2/repository/org/hibernate/validator/hibernate-validator/6.1.2.Final/hibernate-validator-6.1.2.Final.jar:/home/wikum/.m2/repository/jakarta/validation/jakarta.validation-api/2.0.2/jakarta.validation-api-2.0.2.jar:/home/wikum/.m2/repository/org/codehaus/jackson/jackson-core-asl/1.9.14-MULE-002/jackson-core-asl-1.9.14-MULE-002.jar:/home/wikum/.m2/repository/org/codehaus/jackson/jackson-mapper-asl/1.9.14-MULE-002/jackson-mapper-asl-1.9.14-MULE-002.jar:/home/wikum/.m2/repository/com/fasterxml/jackson/core/jackson-core/2.18.2/jackson-core-2.18.2.jar:/home/wikum/.m2/repository/com/fasterxml/jackson/core/jackson-annotations/2.18.2/jackson-annotations-2.18.2.jar:/home/wikum/.m2/repository/com/fasterxml/jackson/core/jackson-databind/2.18.2/jackson-databind-2.18.2.jar:/home/wikum/.m2/repository/com/fasterxml/jackson/datatype/jackson-datatype-jsr310/2.18.2/jackson-datatype-jsr310-2.18.2.jar:/home/wikum/.m2/repository/org/codehaus/groovy/groovy-all/2.4.21/groovy-all-2.4.21.jar:/home/wikum/.m2/repository/net/sf/ehcache/ehcache/2.10.10.4.43/ehcache-2.10.10.4.43.jar:/home/wikum/.m2/repository/org/aspectj/aspectjrt/1.9.22.1/aspectjrt-1.9.22.1.jar:/home/wikum/.m2/repository/org/aspectj/aspectjweaver/1.9.22.1/aspectjweaver-1.9.22.1.jar:/home/wikum/.m2/repository/joda-time/joda-time/2.13.0/joda-time-2.13.0.jar:/home/wikum/.m2/repository/javax/annotation/javax.annotation-api/1.3.2/javax.annotation-api-1.3.2.jar:/home/wikum/.m2/repository/com/sun/activation/javax.activation/1.2.0/javax.activation-1.2.0.jar:/home/wikum/.m2/repository/jakarta/xml/bind/jakarta.xml.bind-api/4.0.2/jakarta.xml.bind-api-4.0.2.jar:/home/wikum/.m2/repository/jakarta/activation/jakarta.activation-api/2.1.3/jakarta.activation-api-2.1.3.jar:/home/wikum/.m2/repository/org/apache/lucene/lucene-analyzers-phonetic/5.5.5/lucene-analyzers-phonetic-5.5.5.jar:/home/wikum/.m2/repository/org/apache/lucene/lucene-analyzers-common/5.5.5/lucene-analyzers-common-5.5.5.jar:/home/wikum/.m2/repository/commons-codec/commons-codec/1.10/commons-codec-1.10.jar:/home/wikum/.m2/repository/com/google/guava/guava/33.3.1-jre/guava-33.3.1-jre.jar:/home/wikum/.m2/repository/com/google/guava/failureaccess/1.0.2/failureaccess-1.0.2.jar:/home/wikum/.m2/repository/com/google/guava/listenablefuture/9999.0-empty-to-avoid-conflict-with-guava/listenablefuture-9999.0-empty-to-avoid-conflict-with-guava.jar:/home/wikum/.m2/repository/com/google/code/findbugs/jsr305/3.0.2/jsr305-3.0.2.jar:/home/wikum/.m2/repository/org/checkerframework/checker-qual/3.43.0/checker-qual-3.43.0.jar:/home/wikum/.m2/repository/com/google/errorprone/error_prone_annotations/2.28.0/error_prone_annotations-2.28.0.jar:/home/wikum/.m2/repository/com/google/j2objc/j2objc-annotations/3.0.0/j2objc-annotations-3.0.0.jar:/home/wikum/.m2/repository/com/sun/mail/javax.mail/1.6.2/javax.mail-1.6.2.jar:/home/wikum/.m2/repository/org/openmrs/web/openmrs-web/2.7.0/openmrs-web-2.7.0.jar:/home/wikum/.m2/repository/javax/servlet/jsp-api/2.0/jsp-api-2.0.jar:/home/wikum/.m2/repository/javax/servlet/servlet-api/2.4/servlet-api-2.4.jar:/home/wikum/.m2/repository/javax/servlet/jsp/jstl/javax.servlet.jsp.jstl-api/1.2.2/javax.servlet.jsp.jstl-api-1.2.2.jar:/home/wikum/.m2/repository/commons-fileupload/commons-fileupload/1.5/commons-fileupload-1.5.jar:/home/wikum/.m2/repository/org/springframework/spring-web/5.3.30/spring-web-5.3.30.jar:/home/wikum/.m2/repository/org/springframework/spring-webmvc/5.3.30/spring-webmvc-5.3.30.jar:/home/wikum/.m2/repository/org/springframework/spring-oxm/5.3.30/spring-oxm-5.3.30.jar:/home/wikum/.m2/repository/mysql/mysql-connector-java/8.0.30/mysql-connector-java-8.0.30.jar:/home/wikum/.m2/repository/com/google/protobuf/protobuf-java/3.19.4/protobuf-java-3.19.4.jar:/home/wikum/.m2/repository/org/postgresql/postgresql/42.7.4/postgresql-42.7.4.jar:/home/wikum/.m2/repository/taglibs/request/1.0.1/request-1.0.1.jar:/home/wikum/.m2/repository/taglibs/response/1.0.1/response-1.0.1.jar:/home/wikum/.m2/repository/taglibs/standard/1.1.2/standard-1.1.2.jar:/home/wikum/.m2/repository/taglibs/page/1.0.1/page-1.0.1.jar:/home/wikum/.m2/repository/org/slf4j/jcl-over-slf4j/1.7.36/jcl-over-slf4j-1.7.36.jar:/home/wikum/.m2/repository/org/apache/velocity/velocity-tools/2.0.1-atlassian-2/velocity-tools-2.0.1-atlassian-2.jar:/home/wikum/.m2/repository/commons-chain/commons-chain/1.1/commons-chain-1.1.jar:/home/wikum/.m2/repository/oro/oro/2.0.8/oro-2.0.8.jar:/home/wikum/.m2/repository/sslext/sslext/1.2-0/sslext-1.2-0.jar:/home/wikum/.m2/repository/org/apache/struts/struts-core/1.3.8/struts-core-1.3.8.jar:/home/wikum/.m2/repository/org/apache/struts/struts-taglib/1.3.8/struts-taglib-1.3.8.jar:/home/wikum/.m2/repository/org/apache/struts/struts-tiles/1.3.8/struts-tiles-1.3.8.jar:/home/wikum/.m2/repository/org/owasp/encoder/encoder/1.3.1/encoder-1.3.1.jar:/home/wikum/.m2/repository/org/owasp/csrfguard/4.2.1/csrfguard-4.2.1.jar:/home/wikum/.m2/repository/com/google/code/gson/gson/2.10.1/gson-2.10.1.jar:/home/wikum/.m2/repository/org/owasp/csrfguard-extension-session/4.2.1/csrfguard-extension-session-4.2.1.jar:/home/wikum/.m2/repository/org/openmrs/api/openmrs-api/2.7.0/openmrs-api-2.7.0-tests.jar:/home/wikum/.m2/repository/org/openmrs/web/openmrs-web/2.7.0/openmrs-web-2.7.0-tests.jar:/home/wikum/.m2/repository/org/springframework/spring-test/5.3.30/spring-test-5.3.30.jar:/home/wikum/.m2/repository/com/h2database/h2/1.4.200/h2-1.4.200.jar:/home/wikum/.m2/repository/junit/junit/4.13.2/junit-4.13.2.jar:/home/wikum/.m2/repository/org/junit/jupiter/junit-jupiter-api/5.11.3/junit-jupiter-api-5.11.3.jar:/home/wikum/.m2/repository/org/opentest4j/opentest4j/1.3.0/opentest4j-1.3.0.jar:/home/wikum/.m2/repository/org/junit/platform/junit-platform-commons/1.11.3/junit-platform-commons-1.11.3.jar:/home/wikum/.m2/repository/org/apiguardian/apiguardian-api/1.1.2/apiguardian-api-1.1.2.jar:/home/wikum/.m2/repository/org/junit/jupiter/junit-jupiter-engine/5.11.3/junit-jupiter-engine-5.11.3.jar:/home/wikum/.m2/repository/org/junit/platform/junit-platform-engine/1.11.3/junit-platform-engine-1.11.3.jar:/home/wikum/.m2/repository/org/junit/vintage/junit-vintage-engine/5.11.3/junit-vintage-engine-5.11.3.jar:/home/wikum/.m2/repository/org/dbunit/dbunit/2.8.0/dbunit-2.8.0.jar:/home/wikum/.m2/repository/com/oracle/database/jdbc/ojdbc8/19.3.0.0/ojdbc8-19.3.0.0.jar:/home/wikum/.m2/repository/com/oracle/database/jdbc/ucp/19.3.0.0/ucp-19.3.0.0.jar:/home/wikum/.m2/repository/com/oracle/database/security/oraclepki/19.3.0.0/oraclepki-19.3.0.0.jar:/home/wikum/.m2/repository/com/oracle/database/security/osdt_cert/19.3.0.0/osdt_cert-19.3.0.0.jar:/home/wikum/.m2/repository/com/oracle/database/security/osdt_core/19.3.0.0/osdt_core-19.3.0.0.jar:/home/wikum/.m2/repository/com/oracle/database/ha/simplefan/19.3.0.0/simplefan-19.3.0.0.jar:/home/wikum/.m2/repository/com/oracle/database/ha/ons/19.3.0.0/ons-19.3.0.0.jar:/home/wikum/.m2/repository/org/mockito/mockito-core/3.12.4/mockito-core-3.12.4.jar:/home/wikum/.m2/repository/net/bytebuddy/byte-buddy-agent/1.11.13/byte-buddy-agent-1.11.13.jar:/home/wikum/.m2/repository/org/objenesis/objenesis/3.2/objenesis-3.2.jar:/home/wikum/.m2/repository/org/mockito/mockito-junit-jupiter/3.12.4/mockito-junit-jupiter-3.12.4.jar:/home/wikum/.m2/repository/org/powermock/powermock-module-junit4/2.0.9/powermock-module-junit4-2.0.9.jar:/home/wikum/.m2/repository/org/powermock/powermock-module-junit4-common/2.0.9/powermock-module-junit4-common-2.0.9.jar:/home/wikum/.m2/repository/org/powermock/powermock-reflect/2.0.9/powermock-reflect-2.0.9.jar:/home/wikum/.m2/repository/org/powermock/powermock-core/2.0.9/powermock-core-2.0.9.jar:/home/wikum/.m2/repository/org/powermock/powermock-api-mockito2/2.0.9/powermock-api-mockito2-2.0.9.jar:/home/wikum/.m2/repository/org/powermock/powermock-api-support/2.0.9/powermock-api-support-2.0.9.jar:/home/wikum/.m2/repository/org/hamcrest/hamcrest-core/3.0/hamcrest-core-3.0.jar:/home/wikum/.m2/repository/org/hamcrest/hamcrest/3.0/hamcrest-3.0.jar:"/>
    <property name="sun.cpu.endian" value="little"/>
    <property name="user.home" value="/home/wikum"/>
    <property name="user.language" value="en"/>
    <property name="java.specification.vendor" value="Oracle Corporation"/>
    <property name="java.home" value="/home/wikum/.jdks/corretto-1.8.0_412/jre"/>
    <property name="basedir" value="/home/wikum/Documents/Code/OpenMRS/openmrs-module-auditlogweb/api"/>
    <property name="file.separator" value="/"/>
    <property name="line.separator" value="&#10;"/>
    <property name="java.vm.specification.vendor" value="Oracle Corporation"/>
    <property name="java.specification.name" value="Java Platform API Specification"/>
    <property name="java.awt.graphicsenv" value="sun.awt.X11GraphicsEnvironment"/>
    <property name="surefire.real.class.path" value="/home/wikum/Documents/Code/OpenMRS/openmrs-module-auditlogweb/api/target/surefire/surefirebooter-20250522124635411_3.jar"/>
    <property name="sun.boot.class.path" value="/home/wikum/.jdks/corretto-1.8.0_412/jre/lib/resources.jar:/home/wikum/.jdks/corretto-1.8.0_412/jre/lib/rt.jar:/home/wikum/.jdks/corretto-1.8.0_412/jre/lib/sunrsasign.jar:/home/wikum/.jdks/corretto-1.8.0_412/jre/lib/jsse.jar:/home/wikum/.jdks/corretto-1.8.0_412/jre/lib/jce.jar:/home/wikum/.jdks/corretto-1.8.0_412/jre/lib/charsets.jar:/home/wikum/.jdks/corretto-1.8.0_412/jre/lib/jfr.jar:/home/wikum/.jdks/corretto-1.8.0_412/jre/classes"/>
    <property name="sun.management.compiler" value="HotSpot 64-Bit Tiered Compilers"/>
    <property name="java.runtime.version" value="1.8.0_412-b08"/>
    <property name="user.name" value="wikum"/>
    <property name="path.separator" value=":"/>
    <property name="os.version" value="6.1.0-34-amd64"/>
    <property name="java.endorsed.dirs" value="/home/wikum/.jdks/corretto-1.8.0_412/jre/lib/endorsed"/>
    <property name="java.runtime.name" value="OpenJDK Runtime Environment"/>
    <property name="file.encoding" value="UTF-8"/>
    <property name="java.vm.name" value="OpenJDK 64-Bit Server VM"/>
    <property name="localRepository" value="/home/wikum/.m2/repository"/>
    <property name="java.vendor.url.bug" value="https://github.com/corretto/corretto-8/issues/"/>
    <property name="java.io.tmpdir" value="/tmp"/>
    <property name="idea.version" value="2024.3.5"/>
    <property name="java.version" value="1.8.0_412"/>
    <property name="user.dir" value="/home/wikum/Documents/Code/OpenMRS/openmrs-module-auditlogweb/api"/>
    <property name="os.arch" value="amd64"/>
    <property name="java.vm.specification.name" value="Java Virtual Machine Specification"/>
    <property name="java.awt.printerjob" value="sun.print.PSPrinterJob"/>
    <property name="sun.os.patch.level" value="unknown"/>
    <property name="java.library.path" value="/usr/java/packages/lib/amd64:/usr/lib64:/lib64:/lib:/usr/lib"/>
    <property name="java.vm.info" value="mixed mode"/>
    <property name="java.vendor" value="Amazon.com Inc."/>
    <property name="java.vm.version" value="25.412-b08"/>
    <property name="java.specification.maintenance.version" value="5"/>
    <property name="java.ext.dirs" value="/home/wikum/.jdks/corretto-1.8.0_412/jre/lib/ext:/usr/java/packages/lib/ext"/>
    <property name="sun.io.unicode.encoding" value="UnicodeLittle"/>
    <property name="java.class.version" value="52.0"/>
  </properties>
  <testcase name="saveItem_shouldSetOwnerIfNotSet" classname="org.openmrs.module.auditlogweb.api.AuditlogwebServiceTest" time="0.278"/>
</testsuite>